<test-run id="2" testcasecount="0" result="Passed" start-time="2022-10-24 21:31:37.613071" end-time="2022-10-24 21:31:37.620453" duration="0" total="0" passed="0" failed="0" inconclusive="0" skipped="0" asserts="0" clr-version="3.9.12 (main, Apr  5 2022, 06:56:58) &#10;[GCC 7.5.0]" engine-version="3.6.2"><command-line>/home/zalasyu/.cache/pypoetry/virtualenvs/music-classifier-ml-jhWRmErE-py3.9/bin/pytest --cov-report html:cov_html --cov-report xml:cov_xml--cov=src tests/</command-line><filter><test re="0">tests/</test></filter></test-run>