<test-run id="2" testcasecount="1" result="Passed" start-time="2022-10-27 00:44:20.367236" end-time="2022-10-27 00:44:21.738783" duration="1" total="1" passed="1" failed="0" inconclusive="0" skipped="0" asserts="0" clr-version="3.9.12 (main, Apr  5 2022, 06:56:58) &#10;[GCC 7.5.0]" engine-version="3.6.2"><command-line>/home/zalasyu/.cache/pypoetry/virtualenvs/music-classifier-ml-jhWRmErE-py3.9/bin/pytest tests/tests_MGR.py</command-line><filter><test re="0">tests/tests_MGR.py</test></filter><test-suite id="tests/tests_MGR.py::TestPrepareAudio" name="tests/tests_MGR.py::TestPrepareAudio" fullname="tests/tests_MGR.py::TestPrepareAudio" methodname="" classname="" runstate="Runnable" type="Assembly" testcasecount="1" result="Passed" label="Tests the PrepareAudio class in src/data" start-time="2022-10-27 00:44:21.737580" end-time="2022-10-27 00:44:21.738433" duration="0.000853" asserts="0" total="1" passed="1" failed="0" warnings="0" inconclusive="0" skipped="0"><properties><property name="python_version" value="3.9.12 (main, Apr  5 2022, 06:56:58) &#10;[GCC 7.5.0]" /></properties><test-case id="100" name="tests/tests_MGR.py::TestPrepareAudio::test_mp3_file_accepted" fullname="tests/tests_MGR.py::TestPrepareAudio::test_mp3_file_accepted" methodname="test_mp3_file_accepted" classname="TestPrepareAudio" runstate="Runnable" seed="1" result="Passed" label="Test that a valid mp3 file is accepted" start-time="2022-10-27 00:44:21.737580" end-time="2022-10-27 00:44:21.738433" duration="0.000853" asserts="0"><properties><property name="python-version" value="3.9.12 (main, Apr  5 2022, 06:56:58) &#10;[GCC 7.5.0]" /><property name="fspath" value="tests/tests_MGR.py" /></properties><environment framework-version="3.6.2" clr-version="3.9.12 (main, Apr  5 2022, 06:56:58) &#10;[GCC 7.5.0]" os-version="5.15.0-52-generic" platform="Linux" cwd="/home/zalasyu/Documents/467-CS/Music-Classifier-ML" machine-name="x86_64" user="" user-domain="" culture="en_US" uiculture="en_US" os-architecture="64bit" /><failure><message><![CDATA[]]></message><stack-trace><![CDATA[None]]></stack-trace></failure><reason><message><![CDATA[]]></message></reason><output><![CDATA[]]></output></test-case><environment framework-version="3.6.2" clr-version="3.9.12 (main, Apr  5 2022, 06:56:58) &#10;[GCC 7.5.0]" os-version="5.15.0-52-generic" platform="Linux" cwd="/home/zalasyu/Documents/467-CS/Music-Classifier-ML" machine-name="x86_64" user="" user-domain="" culture="en_US" uiculture="en_US" os-architecture="64bit" /></test-suite></test-run>